<?xml version="1.0" encoding="UTF-8"?>
<testsuite xmlns:xsi="http://www.w3.org/2001/XMLSchema-instance" xsi:noNamespaceSchemaLocation="https://maven.apache.org/surefire/maven-surefire-plugin/xsd/surefire-test-report.xsd" name="testrunner.SalesForceApplication_Test" time="6.832" tests="1" errors="0" skipped="0" failures="0">
  <properties>
[...]
</properties>
  <testcase name="Login to Custom Automation Practice Application with Valid Credential #1" classname="Login to Salesforce Lightning Custom Automation Practice Application" time="0.36"/>
</testsuite>